<?xml version="1.0" encoding="UTF-8"?>
<testng-results skipped="0" failed="0" total="2" passed="2">
  <reporter-output>
    <line>
      <![CDATA[Bank manager click is successful]]>
    </line>
  </reporter-output>
  <suite name="Suite" duration-ms="12788" started-at="2019-12-25T20:24:48Z" finished-at="2019-12-25T20:25:01Z">
    <groups>
    </groups>
    <test name="Test" duration-ms="12788" started-at="2019-12-25T20:24:48Z" finished-at="2019-12-25T20:25:01Z">
      <class name="com.m2a.TestCases.AddCustomerData">
        <test-method status="PASS" signature="addCustomer(java.lang.String, java.lang.String, java.lang.String, java.lang.String)[pri:0, instance:com.m2a.TestCases.AddCustomerData@45c7e403]" name="addCustomer" duration-ms="12297" started-at="2019-12-26T01:54:49Z" data-provider="getData" finished-at="2019-12-26T01:55:01Z">
          <params>
            <param index="0">
              <value>
                <![CDATA[Anki]]>
              </value>
            </param>
            <param index="1">
              <value>
                <![CDATA[Jain]]>
              </value>
            </param>
            <param index="2">
              <value>
                <![CDATA[324005.0]]>
              </value>
            </param>
            <param index="3">
              <value>
                <![CDATA[Customer added successfully]]>
              </value>
            </param>
          </params>
          <reporter-output>
          </reporter-output>
        </test-method> <!-- addCustomer -->
      </class> <!-- com.m2a.TestCases.AddCustomerData -->
      <class name="com.m2a.TestCases.LoginTest">
        <test-method status="PASS" signature="setUp()[pri:0, instance:com.m2a.TestCases.LoginTest@b3ca52e]" name="setUp" is-config="true" duration-ms="8480" started-at="2019-12-26T01:54:40Z" finished-at="2019-12-26T01:54:48Z">
          <reporter-output>
          </reporter-output>
        </test-method> <!-- setUp -->
        <test-method status="PASS" signature="loginAsBankManager()[pri:0, instance:com.m2a.TestCases.LoginTest@b3ca52e]" name="loginAsBankManager" duration-ms="438" started-at="2019-12-26T01:54:48Z" finished-at="2019-12-26T01:54:49Z">
          <reporter-output>
            <line>
              <![CDATA[Bank manager click is successful]]>
            </line>
          </reporter-output>
        </test-method> <!-- loginAsBankManager -->
        <test-method status="PASS" signature="tearDown()[pri:0, instance:com.m2a.TestCases.LoginTest@b3ca52e]" name="tearDown" is-config="true" duration-ms="675" started-at="2019-12-26T01:55:01Z" finished-at="2019-12-26T01:55:02Z">
          <reporter-output>
          </reporter-output>
        </test-method> <!-- tearDown -->
      </class> <!-- com.m2a.TestCases.LoginTest -->
    </test> <!-- Test -->
  </suite> <!-- Suite -->
</testng-results>
